<?xml version="1.0" encoding="UTF-8"?>
<coverage generated="1620045470740" clover="3.2.0">
  <project timestamp="1620045470740" name="All files">
    <metrics statements="56" coveredstatements="25" conditionals="18" coveredconditionals="6" methods="26" coveredmethods="15" elements="100" coveredelements="46" complexity="0" loc="56" ncloc="56" packages="3" files="4" classes="4"/>
    <package name="src">
      <metrics statements="1" coveredstatements="0" conditionals="0" coveredconditionals="0" methods="0" coveredmethods="0"/>
      <file name="App.vue" path="/Users/janetarisah/reo-task/src/App.vue">
        <metrics statements="1" coveredstatements="0" conditionals="0" coveredconditionals="0" methods="0" coveredmethods="0"/>
        <line num="8" count="0" type="stmt"/>
      </file>
    </package>
    <package name="src.FileExplorer">
      <metrics statements="6" coveredstatements="6" conditionals="4" coveredconditionals="4" methods="3" coveredmethods="3"/>
      <file name="Index.vue" path="/Users/janetarisah/reo-task/src/FileExplorer/Index.vue">
        <metrics statements="6" coveredstatements="6" conditionals="4" coveredconditionals="4" methods="3" coveredmethods="3"/>
        <line num="30" count="1" type="stmt"/>
        <line num="31" count="1" type="stmt"/>
        <line num="36" count="4" type="stmt"/>
        <line num="44" count="5" type="stmt"/>
        <line num="47" count="40" type="cond" truecount="4" falsecount="0"/>
        <line num="48" count="4" type="stmt"/>
      </file>
    </package>
    <package name="src.components">
      <metrics statements="49" coveredstatements="19" conditionals="14" coveredconditionals="2" methods="23" coveredmethods="12"/>
      <file name="BaseModal.vue" path="/Users/janetarisah/reo-task/src/components/BaseModal.vue">
        <metrics statements="12" coveredstatements="7" conditionals="4" coveredconditionals="1" methods="7" coveredmethods="4"/>
        <line num="25" count="0" type="stmt"/>
        <line num="28" count="1" type="stmt"/>
        <line num="34" count="1" type="stmt"/>
        <line num="36" count="1" type="stmt"/>
        <line num="37" count="1" type="stmt"/>
        <line num="38" count="1" type="stmt"/>
        <line num="39" count="0" type="stmt"/>
        <line num="40" count="0" type="cond" truecount="0" falsecount="2"/>
        <line num="41" count="0" type="stmt"/>
        <line num="48" count="1" type="cond" truecount="1" falsecount="1"/>
        <line num="49" count="1" type="stmt"/>
        <line num="50" count="0" type="stmt"/>
      </file>
      <file name="FileModal.vue" path="/Users/janetarisah/reo-task/src/components/FileModal.vue">
        <metrics statements="37" coveredstatements="12" conditionals="10" coveredconditionals="1" methods="16" coveredmethods="8"/>
        <line num="52" count="2" type="stmt"/>
        <line num="53" count="2" type="stmt"/>
        <line num="54" count="2" type="stmt"/>
        <line num="64" count="8" type="stmt"/>
        <line num="78" count="8" type="stmt"/>
        <line num="81" count="0" type="stmt"/>
        <line num="85" count="12" type="stmt"/>
        <line num="88" count="12" type="stmt"/>
        <line num="91" count="12" type="stmt"/>
        <line num="94" count="8" type="stmt"/>
        <line num="97" count="16" type="stmt"/>
        <line num="98" count="16" type="cond" truecount="1" falsecount="1"/>
        <line num="99" count="0" type="stmt"/>
        <line num="100" count="0" type="cond" truecount="0" falsecount="2"/>
        <line num="101" count="0" type="stmt"/>
        <line num="105" count="0" type="stmt"/>
        <line num="106" count="0" type="cond" truecount="0" falsecount="2"/>
        <line num="107" count="0" type="stmt"/>
        <line num="108" count="0" type="stmt"/>
        <line num="110" count="0" type="stmt"/>
        <line num="111" count="0" type="stmt"/>
        <line num="113" count="0" type="stmt"/>
        <line num="114" count="0" type="cond" truecount="0" falsecount="2"/>
        <line num="115" count="0" type="stmt"/>
        <line num="117" count="0" type="stmt"/>
        <line num="121" count="0" type="stmt"/>
        <line num="122" count="0" type="stmt"/>
        <line num="125" count="0" type="stmt"/>
        <line num="126" count="0" type="stmt"/>
        <line num="129" count="36" type="stmt"/>
        <line num="132" count="0" type="stmt"/>
        <line num="133" count="0" type="stmt"/>
        <line num="139" count="0" type="stmt"/>
        <line num="142" count="0" type="stmt"/>
        <line num="147" count="0" type="stmt"/>
        <line num="148" count="0" type="cond" truecount="0" falsecount="2"/>
        <line num="149" count="0" type="stmt"/>
      </file>
    </package>
  </project>
</coverage>
