{"/Users/janetarisah/reo-task/src/App.vue": {"path":"/Users/janetarisah/reo-task/src/App.vue","statementMap":{"0":{"start":{"line":8,"column":0},"end":{"line":8,"column":null}}},"fnMap":{},"branchMap":{},"s":{"0":0},"f":{},"b":{}}
,"/Users/janetarisah/reo-task/src/FileExplorer/Index.vue": {"path":"/Users/janetarisah/reo-task/src/FileExplorer/Index.vue","statementMap":{"0":{"start":{"line":30,"column":0},"end":{"line":30,"column":null}},"1":{"start":{"line":31,"column":0},"end":{"line":31,"column":null}},"2":{"start":{"line":36,"column":0},"end":{"line":36,"column":null}},"3":{"start":{"line":44,"column":0},"end":{"line":44,"column":null}},"4":{"start":{"line":47,"column":0},"end":{"line":47,"column":null}},"5":{"start":{"line":48,"column":0},"end":{"line":48,"column":null}}},"fnMap":{"0":{"name":"data","decl":{"start":{"line":35,"column":0},"end":{"line":35,"column":null}},"loc":{"start":{"line":35,"column":0},"end":{"line":41,"column":null}}},"1":{"name":"selectedFileNames","decl":{"start":{"line":43,"column":0},"end":{"line":43,"column":null}},"loc":{"start":{"line":43,"column":0},"end":{"line":45,"column":null}}},"2":{"name":"(anonymous_10)","decl":{"start":{"line":44,"column":0},"end":{"line":44,"column":null}},"loc":{"start":{"line":44,"column":0},"end":{"line":44,"column":null}}},"3":{"name":"created","decl":{"start":{"line":47,"column":0},"end":{"line":47,"column":null}},"loc":{"start":{"line":47,"column":0},"end":{"line":49,"column":null}}}},"branchMap":{"0":{"loc":{"start":{"line":47,"column":0},"end":{"line":47,"column":null}},"type":"switch","locations":[{"start":{"line":47,"column":0},"end":{"line":47,"column":null}},{"start":{"line":47,"column":0},"end":{"line":48,"column":null}},{"start":{"line":47,"column":0},"end":{"line":47,"column":null}},{"start":{"line":47,"column":0},"end":{"line":47,"column":null}}]}},"s":{"0":1,"1":1,"2":4,"3":7,"4":40,"5":4},"f":{"0":4,"1":5,"2":1,"3":16},"b":{"0":[4,4,4,4]}}
,"/Users/janetarisah/reo-task/src/components/BaseModal.vue": {"path":"/Users/janetarisah/reo-task/src/components/BaseModal.vue","statementMap":{"0":{"start":{"line":25,"column":0},"end":{"line":25,"column":null}},"1":{"start":{"line":28,"column":0},"end":{"line":28,"column":null}},"2":{"start":{"line":34,"column":0},"end":{"line":34,"column":null}},"3":{"start":{"line":36,"column":0},"end":{"line":36,"column":null}},"4":{"start":{"line":37,"column":0},"end":{"line":37,"column":null}},"5":{"start":{"line":38,"column":0},"end":{"line":43,"column":null}},"6":{"start":{"line":39,"column":0},"end":{"line":39,"column":null}},"7":{"start":{"line":40,"column":0},"end":{"line":42,"column":null}},"8":{"start":{"line":41,"column":0},"end":{"line":41,"column":null}},"9":{"start":{"line":48,"column":0},"end":{"line":52,"column":null}},"10":{"start":{"line":49,"column":0},"end":{"line":51,"column":null}},"11":{"start":{"line":50,"column":0},"end":{"line":50,"column":null}}},"fnMap":{"0":{"name":"get","decl":{"start":{"line":24,"column":0},"end":{"line":24,"column":null}},"loc":{"start":{"line":24,"column":0},"end":{"line":26,"column":null}}},"1":{"name":"set","decl":{"start":{"line":27,"column":0},"end":{"line":27,"column":null}},"loc":{"start":{"line":27,"column":0},"end":{"line":29,"column":null}}},"2":{"name":"closeModal","decl":{"start":{"line":33,"column":0},"end":{"line":33,"column":null}},"loc":{"start":{"line":33,"column":0},"end":{"line":35,"column":null}}},"3":{"name":"handleBlur","decl":{"start":{"line":36,"column":0},"end":{"line":36,"column":null}},"loc":{"start":{"line":36,"column":0},"end":{"line":44,"column":null}}},"4":{"name":"(anonymous_5)","decl":{"start":{"line":38,"column":0},"end":{"line":38,"column":null}},"loc":{"start":{"line":38,"column":0},"end":{"line":43,"column":null}}},"5":{"name":"show","decl":{"start":{"line":47,"column":0},"end":{"line":47,"column":null}},"loc":{"start":{"line":47,"column":0},"end":{"line":53,"column":null}}},"6":{"name":"(anonymous_7)","decl":{"start":{"line":49,"column":0},"end":{"line":49,"column":null}},"loc":{"start":{"line":49,"column":0},"end":{"line":51,"column":null}}}},"branchMap":{"0":{"loc":{"start":{"line":40,"column":0},"end":{"line":42,"column":null}},"type":"if","locations":[{"start":{"line":40,"column":0},"end":{"line":42,"column":null}},{"start":{"line":40,"column":0},"end":{"line":42,"column":null}}]},"1":{"loc":{"start":{"line":48,"column":0},"end":{"line":52,"column":null}},"type":"if","locations":[{"start":{"line":48,"column":0},"end":{"line":52,"column":null}},{"start":{"line":48,"column":0},"end":{"line":52,"column":null}}]}},"s":{"0":0,"1":1,"2":1,"3":1,"4":1,"5":1,"6":0,"7":0,"8":0,"9":1,"10":1,"11":0},"f":{"0":0,"1":1,"2":1,"3":1,"4":0,"5":1,"6":0},"b":{"0":[0,0],"1":[1,0]}}
,"/Users/janetarisah/reo-task/src/components/FileModal.vue": {"path":"/Users/janetarisah/reo-task/src/components/FileModal.vue","statementMap":{"0":{"start":{"line":52,"column":0},"end":{"line":52,"column":null}},"1":{"start":{"line":53,"column":0},"end":{"line":53,"column":null}},"2":{"start":{"line":54,"column":0},"end":{"line":54,"column":null}},"3":{"start":{"line":64,"column":0},"end":{"line":64,"column":null}},"4":{"start":{"line":73,"column":0},"end":{"line":73,"column":null}},"5":{"start":{"line":76,"column":0},"end":{"line":76,"column":null}},"6":{"start":{"line":80,"column":0},"end":{"line":80,"column":null}},"7":{"start":{"line":85,"column":0},"end":{"line":85,"column":null}},"8":{"start":{"line":86,"column":0},"end":{"line":86,"column":null}},"9":{"start":{"line":89,"column":0},"end":{"line":89,"column":null}},"10":{"start":{"line":92,"column":0},"end":{"line":92,"column":null}},"11":{"start":{"line":95,"column":0},"end":{"line":95,"column":null}},"12":{"start":{"line":96,"column":0},"end":{"line":96,"column":null}},"13":{"start":{"line":97,"column":0},"end":{"line":97,"column":null}},"14":{"start":{"line":98,"column":0},"end":{"line":98,"column":null}},"15":{"start":{"line":99,"column":0},"end":{"line":99,"column":null}},"16":{"start":{"line":103,"column":0},"end":{"line":103,"column":null}},"17":{"start":{"line":104,"column":0},"end":{"line":107,"column":null}},"18":{"start":{"line":105,"column":0},"end":{"line":105,"column":null}},"19":{"start":{"line":106,"column":0},"end":{"line":106,"column":null}},"20":{"start":{"line":108,"column":0},"end":{"line":108,"column":null}},"21":{"start":{"line":109,"column":0},"end":{"line":109,"column":null}},"22":{"start":{"line":111,"column":0},"end":{"line":111,"column":null}},"23":{"start":{"line":112,"column":0},"end":{"line":112,"column":null}},"24":{"start":{"line":113,"column":0},"end":{"line":119,"column":null}},"25":{"start":{"line":114,"column":0},"end":{"line":114,"column":null}},"26":{"start":{"line":116,"column":0},"end":{"line":117,"column":null}},"27":{"start":{"line":117,"column":0},"end":{"line":117,"column":null}},"28":{"start":{"line":122,"column":0},"end":{"line":122,"column":null}},"29":{"start":{"line":123,"column":0},"end":{"line":123,"column":null}},"30":{"start":{"line":126,"column":0},"end":{"line":126,"column":null}},"31":{"start":{"line":127,"column":0},"end":{"line":127,"column":null}},"32":{"start":{"line":130,"column":0},"end":{"line":131,"column":null}},"33":{"start":{"line":131,"column":0},"end":{"line":131,"column":null}},"34":{"start":{"line":133,"column":0},"end":{"line":133,"column":null}},"35":{"start":{"line":136,"column":0},"end":{"line":136,"column":null}},"36":{"start":{"line":137,"column":0},"end":{"line":137,"column":null}},"37":{"start":{"line":138,"column":0},"end":{"line":138,"column":null}},"38":{"start":{"line":141,"column":0},"end":{"line":141,"column":null}},"39":{"start":{"line":146,"column":0},"end":{"line":146,"column":null}},"40":{"start":{"line":147,"column":0},"end":{"line":149,"column":null}},"41":{"start":{"line":148,"column":0},"end":{"line":148,"column":null}}},"fnMap":{"0":{"name":"data","decl":{"start":{"line":63,"column":0},"end":{"line":63,"column":null}},"loc":{"start":{"line":63,"column":0},"end":{"line":69,"column":null}}},"1":{"name":"get","decl":{"start":{"line":72,"column":0},"end":{"line":72,"column":null}},"loc":{"start":{"line":72,"column":0},"end":{"line":74,"column":null}}},"2":{"name":"set","decl":{"start":{"line":75,"column":0},"end":{"line":75,"column":null}},"loc":{"start":{"line":75,"column":0},"end":{"line":77,"column":null}}},"3":{"name":"modalTitle","decl":{"start":{"line":79,"column":0},"end":{"line":79,"column":null}},"loc":{"start":{"line":79,"column":0},"end":{"line":83,"column":null}}},"4":{"name":"currentFileStructure","decl":{"start":{"line":84,"column":0},"end":{"line":84,"column":null}},"loc":{"start":{"line":84,"column":0},"end":{"line":87,"column":null}}},"5":{"name":"isRootFolder","decl":{"start":{"line":88,"column":0},"end":{"line":88,"column":null}},"loc":{"start":{"line":88,"column":0},"end":{"line":90,"column":null}}},"6":{"name":"isDisabled","decl":{"start":{"line":91,"column":0},"end":{"line":91,"column":null}},"loc":{"start":{"line":91,"column":0},"end":{"line":93,"column":null}}},"7":{"name":"buttonText","decl":{"start":{"line":94,"column":0},"end":{"line":94,"column":null}},"loc":{"start":{"line":94,"column":0},"end":{"line":100,"column":null}}},"8":{"name":"handleClick","decl":{"start":{"line":103,"column":0},"end":{"line":103,"column":null}},"loc":{"start":{"line":103,"column":0},"end":{"line":110,"column":null}}},"9":{"name":"handleFileClick","decl":{"start":{"line":111,"column":0},"end":{"line":111,"column":null}},"loc":{"start":{"line":111,"column":0},"end":{"line":120,"column":null}}},"10":{"name":"(anonymous_18)","decl":{"start":{"line":116,"column":0},"end":{"line":116,"column":null}},"loc":{"start":{"line":116,"column":0},"end":{"line":117,"column":null}}},"11":{"name":"handelBackButton","decl":{"start":{"line":121,"column":0},"end":{"line":121,"column":null}},"loc":{"start":{"line":121,"column":0},"end":{"line":124,"column":null}}},"12":{"name":"handleSelectFiles","decl":{"start":{"line":125,"column":0},"end":{"line":125,"column":null}},"loc":{"start":{"line":125,"column":0},"end":{"line":128,"column":null}}},"13":{"name":"hasTick","decl":{"start":{"line":129,"column":0},"end":{"line":129,"column":null}},"loc":{"start":{"line":129,"column":0},"end":{"line":134,"column":null}}},"14":{"name":"(anonymous_22)","decl":{"start":{"line":130,"column":0},"end":{"line":130,"column":null}},"loc":{"start":{"line":130,"column":0},"end":{"line":131,"column":null}}},"15":{"name":"resetModal","decl":{"start":{"line":135,"column":0},"end":{"line":135,"column":null}},"loc":{"start":{"line":135,"column":0},"end":{"line":139,"column":null}}},"16":{"name":"handleImageError","decl":{"start":{"line":140,"column":0},"end":{"line":140,"column":null}},"loc":{"start":{"line":140,"column":0},"end":{"line":142,"column":null}}},"17":{"name":"show","decl":{"start":{"line":145,"column":0},"end":{"line":145,"column":null}},"loc":{"start":{"line":145,"column":0},"end":{"line":150,"column":null}}}},"branchMap":{"0":{"loc":{"start":{"line":80,"column":0},"end":{"line":80,"column":null}},"type":"cond-expr","locations":[{"start":{"line":80,"column":0},"end":{"line":80,"column":null}},{"start":{"line":80,"column":0},"end":{"line":80,"column":null}}]},"1":{"loc":{"start":{"line":85,"column":0},"end":{"line":85,"column":null}},"type":"if","locations":[{"start":{"line":85,"column":0},"end":{"line":85,"column":null}},{"start":{"line":85,"column":0},"end":{"line":85,"column":null}}]},"2":{"loc":{"start":{"line":96,"column":0},"end":{"line":96,"column":null}},"type":"if","locations":[{"start":{"line":96,"column":0},"end":{"line":96,"column":null}},{"start":{"line":96,"column":0},"end":{"line":96,"column":null}}]},"3":{"loc":{"start":{"line":98,"column":0},"end":{"line":98,"column":null}},"type":"if","locations":[{"start":{"line":98,"column":0},"end":{"line":98,"column":null}},{"start":{"line":98,"column":0},"end":{"line":98,"column":null}}]},"4":{"loc":{"start":{"line":104,"column":0},"end":{"line":107,"column":null}},"type":"if","locations":[{"start":{"line":104,"column":0},"end":{"line":107,"column":null}},{"start":{"line":104,"column":0},"end":{"line":107,"column":null}}]},"5":{"loc":{"start":{"line":113,"column":0},"end":{"line":119,"column":null}},"type":"if","locations":[{"start":{"line":113,"column":0},"end":{"line":119,"column":null}},{"start":{"line":113,"column":0},"end":{"line":119,"column":null}}]},"6":{"loc":{"start":{"line":147,"column":0},"end":{"line":149,"column":null}},"type":"if","locations":[{"start":{"line":147,"column":0},"end":{"line":149,"column":null}},{"start":{"line":147,"column":0},"end":{"line":149,"column":null}}]}},"s":{"0":2,"1":2,"2":2,"3":7,"4":7,"5":0,"6":11,"7":18,"8":4,"9":11,"10":7,"11":7,"12":14,"13":0,"14":0,"15":0,"16":0,"17":0,"18":0,"19":0,"20":0,"21":0,"22":0,"23":0,"24":0,"25":0,"26":0,"27":0,"28":0,"29":0,"30":0,"31":0,"32":32,"33":0,"34":32,"35":0,"36":0,"37":0,"38":0,"39":0,"40":0,"41":0},"f":{"0":7,"1":7,"2":0,"3":11,"4":11,"5":11,"6":7,"7":7,"8":0,"9":0,"10":0,"11":0,"12":0,"13":32,"14":0,"15":0,"16":0,"17":0},"b":{"0":[7,4],"1":[7,4],"2":[7,0],"3":[0,0],"4":[0,0],"5":[0,0],"6":[0,0]}}
}
