{"/Users/janetarisah/reo-task/src/App.vue": {"path":"/Users/janetarisah/reo-task/src/App.vue","statementMap":{"0":{"start":{"line":8,"column":0},"end":{"line":8,"column":null}}},"fnMap":{},"branchMap":{},"s":{"0":0},"f":{},"b":{}}
,"/Users/janetarisah/reo-task/src/FileExplorer/Index.vue": {"path":"/Users/janetarisah/reo-task/src/FileExplorer/Index.vue","statementMap":{"0":{"start":{"line":30,"column":0},"end":{"line":30,"column":null}},"1":{"start":{"line":31,"column":0},"end":{"line":31,"column":null}},"2":{"start":{"line":36,"column":0},"end":{"line":36,"column":null}},"3":{"start":{"line":44,"column":0},"end":{"line":44,"column":null}},"4":{"start":{"line":47,"column":0},"end":{"line":47,"column":null}},"5":{"start":{"line":48,"column":0},"end":{"line":48,"column":null}}},"fnMap":{"0":{"name":"data","decl":{"start":{"line":35,"column":0},"end":{"line":35,"column":null}},"loc":{"start":{"line":35,"column":0},"end":{"line":41,"column":null}}},"1":{"name":"selectedFileNames","decl":{"start":{"line":43,"column":0},"end":{"line":43,"column":null}},"loc":{"start":{"line":43,"column":0},"end":{"line":45,"column":null}}},"2":{"name":"created","decl":{"start":{"line":47,"column":0},"end":{"line":47,"column":null}},"loc":{"start":{"line":47,"column":0},"end":{"line":49,"column":null}}}},"branchMap":{"0":{"loc":{"start":{"line":47,"column":0},"end":{"line":47,"column":null}},"type":"switch","locations":[{"start":{"line":47,"column":0},"end":{"line":47,"column":null}},{"start":{"line":47,"column":0},"end":{"line":48,"column":null}},{"start":{"line":47,"column":0},"end":{"line":47,"column":null}},{"start":{"line":47,"column":0},"end":{"line":47,"column":null}}]}},"s":{"0":1,"1":1,"2":4,"3":5,"4":40,"5":4},"f":{"0":4,"1":5,"2":16},"b":{"0":[4,4,4,4]}}
,"/Users/janetarisah/reo-task/src/components/BaseModal.vue": {"path":"/Users/janetarisah/reo-task/src/components/BaseModal.vue","statementMap":{"0":{"start":{"line":25,"column":0},"end":{"line":25,"column":null}},"1":{"start":{"line":28,"column":0},"end":{"line":28,"column":null}},"2":{"start":{"line":34,"column":0},"end":{"line":34,"column":null}},"3":{"start":{"line":36,"column":0},"end":{"line":36,"column":null}},"4":{"start":{"line":37,"column":0},"end":{"line":37,"column":null}},"5":{"start":{"line":38,"column":0},"end":{"line":45,"column":null}},"6":{"start":{"line":39,"column":0},"end":{"line":39,"column":null}},"7":{"start":{"line":40,"column":0},"end":{"line":43,"column":null}},"8":{"start":{"line":41,"column":0},"end":{"line":41,"column":null}},"9":{"start":{"line":42,"column":0},"end":{"line":42,"column":null}},"10":{"start":{"line":44,"column":0},"end":{"line":44,"column":null}},"11":{"start":{"line":50,"column":0},"end":{"line":52,"column":null}},"12":{"start":{"line":51,"column":0},"end":{"line":51,"column":null}}},"fnMap":{"0":{"name":"get","decl":{"start":{"line":24,"column":0},"end":{"line":24,"column":null}},"loc":{"start":{"line":24,"column":0},"end":{"line":26,"column":null}}},"1":{"name":"set","decl":{"start":{"line":27,"column":0},"end":{"line":27,"column":null}},"loc":{"start":{"line":27,"column":0},"end":{"line":29,"column":null}}},"2":{"name":"closeModal","decl":{"start":{"line":33,"column":0},"end":{"line":33,"column":null}},"loc":{"start":{"line":33,"column":0},"end":{"line":35,"column":null}}},"3":{"name":"handleBlur","decl":{"start":{"line":36,"column":0},"end":{"line":36,"column":null}},"loc":{"start":{"line":36,"column":0},"end":{"line":46,"column":null}}},"4":{"name":"(anonymous_5)","decl":{"start":{"line":38,"column":0},"end":{"line":38,"column":null}},"loc":{"start":{"line":38,"column":0},"end":{"line":45,"column":null}}},"5":{"name":"show","decl":{"start":{"line":49,"column":0},"end":{"line":49,"column":null}},"loc":{"start":{"line":49,"column":0},"end":{"line":53,"column":null}}},"6":{"name":"(anonymous_7)","decl":{"start":{"line":51,"column":0},"end":{"line":51,"column":null}},"loc":{"start":{"line":51,"column":0},"end":{"line":51,"column":null}}}},"branchMap":{"0":{"loc":{"start":{"line":40,"column":0},"end":{"line":43,"column":null}},"type":"if","locations":[{"start":{"line":40,"column":0},"end":{"line":43,"column":null}},{"start":{"line":40,"column":0},"end":{"line":43,"column":null}}]},"1":{"loc":{"start":{"line":50,"column":0},"end":{"line":52,"column":null}},"type":"if","locations":[{"start":{"line":50,"column":0},"end":{"line":52,"column":null}},{"start":{"line":50,"column":0},"end":{"line":52,"column":null}}]}},"s":{"0":0,"1":1,"2":1,"3":1,"4":1,"5":1,"6":0,"7":0,"8":0,"9":0,"10":0,"11":1,"12":1},"f":{"0":0,"1":1,"2":1,"3":1,"4":0,"5":1,"6":0},"b":{"0":[0,0],"1":[1,0]}}
,"/Users/janetarisah/reo-task/src/components/FileModal.vue": {"path":"/Users/janetarisah/reo-task/src/components/FileModal.vue","statementMap":{"0":{"start":{"line":52,"column":0},"end":{"line":52,"column":null}},"1":{"start":{"line":53,"column":0},"end":{"line":53,"column":null}},"2":{"start":{"line":54,"column":0},"end":{"line":54,"column":null}},"3":{"start":{"line":64,"column":0},"end":{"line":64,"column":null}},"4":{"start":{"line":78,"column":0},"end":{"line":78,"column":null}},"5":{"start":{"line":81,"column":0},"end":{"line":81,"column":null}},"6":{"start":{"line":85,"column":0},"end":{"line":85,"column":null}},"7":{"start":{"line":88,"column":0},"end":{"line":88,"column":null}},"8":{"start":{"line":91,"column":0},"end":{"line":91,"column":null}},"9":{"start":{"line":94,"column":0},"end":{"line":94,"column":null}},"10":{"start":{"line":97,"column":0},"end":{"line":97,"column":null}},"11":{"start":{"line":98,"column":0},"end":{"line":98,"column":null}},"12":{"start":{"line":99,"column":0},"end":{"line":99,"column":null}},"13":{"start":{"line":100,"column":0},"end":{"line":100,"column":null}},"14":{"start":{"line":101,"column":0},"end":{"line":101,"column":null}},"15":{"start":{"line":105,"column":0},"end":{"line":105,"column":null}},"16":{"start":{"line":106,"column":0},"end":{"line":109,"column":null}},"17":{"start":{"line":107,"column":0},"end":{"line":107,"column":null}},"18":{"start":{"line":108,"column":0},"end":{"line":108,"column":null}},"19":{"start":{"line":110,"column":0},"end":{"line":110,"column":null}},"20":{"start":{"line":111,"column":0},"end":{"line":111,"column":null}},"21":{"start":{"line":113,"column":0},"end":{"line":113,"column":null}},"22":{"start":{"line":114,"column":0},"end":{"line":118,"column":null}},"23":{"start":{"line":115,"column":0},"end":{"line":115,"column":null}},"24":{"start":{"line":117,"column":0},"end":{"line":117,"column":null}},"25":{"start":{"line":121,"column":0},"end":{"line":121,"column":null}},"26":{"start":{"line":122,"column":0},"end":{"line":122,"column":null}},"27":{"start":{"line":125,"column":0},"end":{"line":125,"column":null}},"28":{"start":{"line":126,"column":0},"end":{"line":126,"column":null}},"29":{"start":{"line":129,"column":0},"end":{"line":129,"column":null}},"30":{"start":{"line":132,"column":0},"end":{"line":132,"column":null}},"31":{"start":{"line":133,"column":0},"end":{"line":134,"column":null}},"32":{"start":{"line":139,"column":0},"end":{"line":139,"column":null}},"33":{"start":{"line":142,"column":0},"end":{"line":142,"column":null}},"34":{"start":{"line":147,"column":0},"end":{"line":147,"column":null}},"35":{"start":{"line":148,"column":0},"end":{"line":150,"column":null}},"36":{"start":{"line":149,"column":0},"end":{"line":149,"column":null}}},"fnMap":{"0":{"name":"data","decl":{"start":{"line":63,"column":0},"end":{"line":63,"column":null}},"loc":{"start":{"line":63,"column":0},"end":{"line":74,"column":null}}},"1":{"name":"get","decl":{"start":{"line":77,"column":0},"end":{"line":77,"column":null}},"loc":{"start":{"line":77,"column":0},"end":{"line":79,"column":null}}},"2":{"name":"set","decl":{"start":{"line":80,"column":0},"end":{"line":80,"column":null}},"loc":{"start":{"line":80,"column":0},"end":{"line":82,"column":null}}},"3":{"name":"modalTitle","decl":{"start":{"line":84,"column":0},"end":{"line":84,"column":null}},"loc":{"start":{"line":84,"column":0},"end":{"line":86,"column":null}}},"4":{"name":"currentFileStructure","decl":{"start":{"line":87,"column":0},"end":{"line":87,"column":null}},"loc":{"start":{"line":87,"column":0},"end":{"line":89,"column":null}}},"5":{"name":"isRootFolder","decl":{"start":{"line":90,"column":0},"end":{"line":90,"column":null}},"loc":{"start":{"line":90,"column":0},"end":{"line":92,"column":null}}},"6":{"name":"isDisabled","decl":{"start":{"line":93,"column":0},"end":{"line":93,"column":null}},"loc":{"start":{"line":93,"column":0},"end":{"line":95,"column":null}}},"7":{"name":"buttonText","decl":{"start":{"line":96,"column":0},"end":{"line":96,"column":null}},"loc":{"start":{"line":96,"column":0},"end":{"line":102,"column":null}}},"8":{"name":"handleClick","decl":{"start":{"line":105,"column":0},"end":{"line":105,"column":null}},"loc":{"start":{"line":105,"column":0},"end":{"line":112,"column":null}}},"9":{"name":"handleFileClick","decl":{"start":{"line":113,"column":0},"end":{"line":113,"column":null}},"loc":{"start":{"line":113,"column":0},"end":{"line":119,"column":null}}},"10":{"name":"handelBackButton","decl":{"start":{"line":120,"column":0},"end":{"line":120,"column":null}},"loc":{"start":{"line":120,"column":0},"end":{"line":123,"column":null}}},"11":{"name":"handleSelectFiles","decl":{"start":{"line":124,"column":0},"end":{"line":124,"column":null}},"loc":{"start":{"line":124,"column":0},"end":{"line":127,"column":null}}},"12":{"name":"hasTick","decl":{"start":{"line":128,"column":0},"end":{"line":128,"column":null}},"loc":{"start":{"line":128,"column":0},"end":{"line":130,"column":null}}},"13":{"name":"resetModal","decl":{"start":{"line":131,"column":0},"end":{"line":131,"column":null}},"loc":{"start":{"line":131,"column":0},"end":{"line":140,"column":null}}},"14":{"name":"handleImageError","decl":{"start":{"line":141,"column":0},"end":{"line":141,"column":null}},"loc":{"start":{"line":141,"column":0},"end":{"line":143,"column":null}}},"15":{"name":"show","decl":{"start":{"line":146,"column":0},"end":{"line":146,"column":null}},"loc":{"start":{"line":146,"column":0},"end":{"line":151,"column":null}}}},"branchMap":{"0":{"loc":{"start":{"line":98,"column":0},"end":{"line":98,"column":null}},"type":"if","locations":[{"start":{"line":98,"column":0},"end":{"line":98,"column":null}},{"start":{"line":98,"column":0},"end":{"line":98,"column":null}}]},"1":{"loc":{"start":{"line":100,"column":0},"end":{"line":100,"column":null}},"type":"if","locations":[{"start":{"line":100,"column":0},"end":{"line":100,"column":null}},{"start":{"line":100,"column":0},"end":{"line":100,"column":null}}]},"2":{"loc":{"start":{"line":106,"column":0},"end":{"line":109,"column":null}},"type":"if","locations":[{"start":{"line":106,"column":0},"end":{"line":109,"column":null}},{"start":{"line":106,"column":0},"end":{"line":109,"column":null}}]},"3":{"loc":{"start":{"line":114,"column":0},"end":{"line":118,"column":null}},"type":"if","locations":[{"start":{"line":114,"column":0},"end":{"line":118,"column":null}},{"start":{"line":114,"column":0},"end":{"line":118,"column":null}}]},"4":{"loc":{"start":{"line":148,"column":0},"end":{"line":150,"column":null}},"type":"if","locations":[{"start":{"line":148,"column":0},"end":{"line":150,"column":null}},{"start":{"line":148,"column":0},"end":{"line":150,"column":null}}]}},"s":{"0":2,"1":2,"2":2,"3":8,"4":8,"5":0,"6":11,"7":11,"8":11,"9":8,"10":16,"11":16,"12":0,"13":0,"14":0,"15":0,"16":0,"17":0,"18":0,"19":0,"20":0,"21":0,"22":0,"23":0,"24":0,"25":0,"26":0,"27":0,"28":0,"29":35,"30":0,"31":0,"32":0,"33":0,"34":0,"35":0,"36":0},"f":{"0":8,"1":8,"2":0,"3":11,"4":11,"5":11,"6":8,"7":8,"8":0,"9":0,"10":0,"11":0,"12":35,"13":0,"14":0,"15":0},"b":{"0":[8,0],"1":[0,0],"2":[0,0],"3":[0,0],"4":[0,0]}}
}
