TN:
SF:src/App.vue
FNF:0
FNH:0
DA:8,0
LF:1
LH:0
BRF:0
BRH:0
end_of_record
TN:
SF:src/FileExplorer/Index.vue
FN:35,data
FN:43,selectedFileNames
FN:47,created
FNF:3
FNH:3
FNDA:4,data
FNDA:5,selectedFileNames
FNDA:16,created
DA:30,1
DA:31,1
DA:36,4
DA:44,5
DA:47,40
DA:48,4
LF:6
LH:6
BRDA:47,0,0,4
BRDA:47,0,1,4
BRDA:47,0,2,4
BRDA:47,0,3,4
BRF:4
BRH:4
end_of_record
TN:
SF:src/components/BaseModal.vue
FN:24,get
FN:27,set
FN:33,closeModal
FN:36,handleBlur
FN:38,(anonymous_5)
FN:47,show
FN:49,(anonymous_7)
FNF:7
FNH:4
FNDA:0,get
FNDA:1,set
FNDA:1,closeModal
FNDA:1,handleBlur
FNDA:0,(anonymous_5)
FNDA:1,show
FNDA:0,(anonymous_7)
DA:25,0
DA:28,1
DA:34,1
DA:36,1
DA:37,1
DA:38,1
DA:39,0
DA:40,0
DA:41,0
DA:48,1
DA:49,1
DA:50,0
LF:12
LH:7
BRDA:40,0,0,0
BRDA:40,0,1,0
BRDA:48,1,0,1
BRDA:48,1,1,0
BRF:4
BRH:1
end_of_record
TN:
SF:src/components/FileModal.vue
FN:63,data
FN:72,get
FN:75,set
FN:79,modalTitle
FN:84,currentFileStructure
FN:88,isRootFolder
FN:91,isDisabled
FN:94,buttonText
FN:103,handleClick
FN:111,handleFileClick
FN:118,handelBackButton
FN:122,handleSelectFiles
FN:126,hasTick
FN:129,resetModal
FN:134,handleImageError
FN:139,show
FNF:16
FNH:8
FNDA:7,data
FNDA:7,get
FNDA:0,set
FNDA:11,modalTitle
FNDA:11,currentFileStructure
FNDA:11,isRootFolder
FNDA:7,isDisabled
FNDA:7,buttonText
FNDA:0,handleClick
FNDA:0,handleFileClick
FNDA:0,handelBackButton
FNDA:0,handleSelectFiles
FNDA:32,hasTick
FNDA:0,resetModal
FNDA:0,handleImageError
FNDA:0,show
DA:52,2
DA:53,2
DA:54,2
DA:64,7
DA:73,7
DA:76,0
DA:80,11
DA:85,18
DA:86,4
DA:89,11
DA:92,7
DA:95,14
DA:96,14
DA:97,0
DA:98,0
DA:99,0
DA:103,0
DA:104,0
DA:105,0
DA:106,0
DA:108,0
DA:109,0
DA:111,0
DA:112,0
DA:113,0
DA:115,0
DA:119,0
DA:120,0
DA:123,0
DA:124,0
DA:127,32
DA:130,0
DA:131,0
DA:132,0
DA:135,0
DA:140,0
DA:141,0
DA:142,0
LF:38
LH:13
BRDA:80,0,0,7
BRDA:80,0,1,4
BRDA:85,1,0,7
BRDA:85,1,1,4
BRDA:96,2,0,7
BRDA:96,2,1,0
BRDA:98,3,0,0
BRDA:98,3,1,0
BRDA:104,4,0,0
BRDA:104,4,1,0
BRDA:112,5,0,0
BRDA:112,5,1,0
BRDA:141,6,0,0
BRDA:141,6,1,0
BRF:14
BRH:5
end_of_record
