TN:
SF:src/App.vue
FNF:0
FNH:0
DA:8,0
LF:1
LH:0
BRF:0
BRH:0
end_of_record
TN:
SF:src/FileExplorer/Index.vue
FN:35,data
FN:43,selectedFileNames
FN:47,created
FNF:3
FNH:3
FNDA:4,data
FNDA:5,selectedFileNames
FNDA:16,created
DA:30,1
DA:31,1
DA:36,4
DA:44,5
DA:47,40
DA:48,4
LF:6
LH:6
BRDA:47,0,0,4
BRDA:47,0,1,4
BRDA:47,0,2,4
BRDA:47,0,3,4
BRF:4
BRH:4
end_of_record
TN:
SF:src/components/BaseModal.vue
FN:24,get
FN:27,set
FN:33,closeModal
FN:36,handleBlur
FN:38,(anonymous_5)
FN:47,show
FN:49,(anonymous_7)
FNF:7
FNH:4
FNDA:0,get
FNDA:1,set
FNDA:1,closeModal
FNDA:1,handleBlur
FNDA:0,(anonymous_5)
FNDA:1,show
FNDA:0,(anonymous_7)
DA:25,0
DA:28,1
DA:34,1
DA:36,1
DA:37,1
DA:38,1
DA:39,0
DA:40,0
DA:41,0
DA:48,1
DA:49,1
DA:50,0
LF:12
LH:7
BRDA:40,0,0,0
BRDA:40,0,1,0
BRDA:48,1,0,1
BRDA:48,1,1,0
BRF:4
BRH:1
end_of_record
TN:
SF:src/components/FileModal.vue
FN:63,data
FN:77,get
FN:80,set
FN:84,modalTitle
FN:87,currentFileStructure
FN:90,isRootFolder
FN:93,isDisabled
FN:96,buttonText
FN:105,handleClick
FN:113,handleFileClick
FN:120,handelBackButton
FN:124,handleSelectFiles
FN:128,hasTick
FN:131,resetModal
FN:141,handleImageError
FN:146,show
FNF:16
FNH:8
FNDA:8,data
FNDA:8,get
FNDA:0,set
FNDA:12,modalTitle
FNDA:12,currentFileStructure
FNDA:12,isRootFolder
FNDA:8,isDisabled
FNDA:8,buttonText
FNDA:0,handleClick
FNDA:0,handleFileClick
FNDA:0,handelBackButton
FNDA:0,handleSelectFiles
FNDA:36,hasTick
FNDA:0,resetModal
FNDA:0,handleImageError
FNDA:0,show
DA:52,2
DA:53,2
DA:54,2
DA:64,8
DA:78,8
DA:81,0
DA:85,12
DA:88,12
DA:91,12
DA:94,8
DA:97,16
DA:98,16
DA:99,0
DA:100,0
DA:101,0
DA:105,0
DA:106,0
DA:107,0
DA:108,0
DA:110,0
DA:111,0
DA:113,0
DA:114,0
DA:115,0
DA:117,0
DA:121,0
DA:122,0
DA:125,0
DA:126,0
DA:129,36
DA:132,0
DA:133,0
DA:139,0
DA:142,0
DA:147,0
DA:148,0
DA:149,0
LF:37
LH:12
BRDA:98,0,0,8
BRDA:98,0,1,0
BRDA:100,1,0,0
BRDA:100,1,1,0
BRDA:106,2,0,0
BRDA:106,2,1,0
BRDA:114,3,0,0
BRDA:114,3,1,0
BRDA:148,4,0,0
BRDA:148,4,1,0
BRF:10
BRH:1
end_of_record
